<?xml version="1.0" encoding="UTF-8"?>
<!-- Generated by org.testng.reporters.JUnitReportReporter -->
<testsuite hostname="TranTrungNghia" failures="0" tests="1" name="AutoTestNG_Login.LoginTest" time="34.041" errors="0" timestamp="2021-12-08T12:51:53 ICT" skipped="0">
  <testcase classname="AutoTestNG_Login.LoginTest" name="LoginTest" time="34.041"/>
  <system-out/>
</testsuite> <!-- AutoTestNG_Login.LoginTest -->
