<?xml version="1.0" encoding="UTF-8"?>
<!-- Generated by org.testng.reporters.JUnitReportReporter -->
<testsuite hostname="TranTrungNghia" failures="0" tests="1" name="auto_Login.TestNG_Login" time="57.712" errors="0" timestamp="2021-12-01T07:33:46 ICT" skipped="0">
  <testcase classname="auto_Login.TestNG_Login" name="Login_User" time="57.712"/>
  <system-out/>
</testsuite> <!-- auto_Login.TestNG_Login -->
