<?xml version="1.0" encoding="UTF-8"?>
<!-- Generated by org.testng.reporters.JUnitReportReporter -->
<testsuite hostname="TranTrungNghia" failures="0" tests="3" name="AutoTestNG_EditVideo.CRUDVideo" time="70.509" errors="0" timestamp="2021-12-08T12:51:53 ICT" skipped="0">
  <testcase classname="AutoTestNG_EditVideo.CRUDVideo" name="testAdd" time="34.316"/>
  <system-out/>
  <testcase classname="AutoTestNG_EditVideo.CRUDVideo" name="testUpdate" time="27.002"/>
  <system-out/>
  <testcase classname="AutoTestNG_EditVideo.CRUDVideo" name="testDelete" time="9.191"/>
  <system-out/>
</testsuite> <!-- AutoTestNG_EditVideo.CRUDVideo -->
