<?xml version="1.0" encoding="UTF-8"?>
<!-- Generated by org.testng.reporters.JUnitReportReporter -->
<testsuite hostname="TranTrungNghia" failures="0" tests="1" name="auto_Login.NewTest" time="0.014" errors="0" timestamp="2021-11-30T19:48:38 ICT" skipped="0">
  <testcase classname="auto_Login.NewTest" name="f" time="0.014"/>
  <system-out/>
</testsuite> <!-- auto_Login.NewTest -->
