<?xml version="1.0" encoding="UTF-8"?>
<!-- Generated by org.testng.reporters.JUnitReportReporter -->
<testsuite hostname="TranTrungNghia" failures="0" tests="1" name="AutoTestNG_ChangePassword.ChangePassword" time="24.921" errors="0" timestamp="2021-12-08T12:51:53 ICT" skipped="0">
  <testcase classname="AutoTestNG_ChangePassword.ChangePassword" name="testChangePassword" time="24.921"/>
  <system-out/>
</testsuite> <!-- AutoTestNG_ChangePassword.ChangePassword -->
