<?xml version="1.0" encoding="UTF-8"?>
<!-- Generated by org.testng.reporters.JUnitReportReporter -->
<testsuite hostname="TranTrungNghia" failures="0" tests="3" name="AutoTestNG_EditUser.RegisterUser" time="27.422" errors="0" timestamp="2021-12-08T12:51:53 ICT" skipped="0">
  <testcase classname="AutoTestNG_EditUser.RegisterUser" name="testAdd" time="13.806"/>
  <system-out/>
  <testcase classname="AutoTestNG_EditUser.RegisterUser" name="testUpdate" time="10.451"/>
  <system-out/>
  <testcase classname="AutoTestNG_EditUser.RegisterUser" name="testDelete" time="3.165"/>
  <system-out/>
</testsuite> <!-- AutoTestNG_EditUser.RegisterUser -->
